<?xml version="1.0" encoding="utf-8"?><testsuites name="pytest tests"><testsuite name="pytest" errors="0" failures="0" skipped="0" tests="20" time="6.503" timestamp="2026-02-16T00:59:21.142534+00:00" hostname="agent-env-f144ea67-ad34-4ac9-b6d7-c6b540fb8f7f"><testcase classname="backend.tests.test_solar_system_api.TestHealthEndpoints" name="test_root_endpoint" time="0.191" /><testcase classname="backend.tests.test_solar_system_api.TestHealthEndpoints" name="test_health_endpoint" time="0.163" /><testcase classname="backend.tests.test_solar_system_api.TestObjectsAPI" name="test_get_all_objects" time="0.141" /><testcase classname="backend.tests.test_solar_system_api.TestObjectsAPI" name="test_get_object_by_id" time="0.254" /><testcase classname="backend.tests.test_solar_system_api.TestObjectsAPI" name="test_get_nonexistent_object" time="0.158" /><testcase classname="backend.tests.test_solar_system_api.TestObjectsAPI" name="test_create_object" time="0.124" /><testcase classname="backend.tests.test_solar_system_api.TestObjectsAPI" name="test_update_object" time="0.393" /><testcase classname="backend.tests.test_solar_system_api.TestObjectsAPI" name="test_delete_object" time="0.445" /><testcase classname="backend.tests.test_solar_system_api.TestSceneAPI" name="test_get_scene" time="0.139" /><testcase classname="backend.tests.test_solar_system_api.TestSceneAPI" name="test_save_scene" time="0.141" /><testcase classname="backend.tests.test_solar_system_api.TestTexturesAPI" name="test_sun_texture_served" time="0.214" /><testcase classname="backend.tests.test_solar_system_api.TestTexturesAPI" name="test_earth_texture_served" time="0.159" /><testcase classname="backend.tests.test_solar_system_api.TestTexturesAPI" name="test_saturn_ring_texture_served" time="0.234" /><testcase classname="backend.tests.test_solar_system_api.TestTexturesAPI" name="test_all_planet_textures_accessible" time="2.301" /><testcase classname="backend.tests.test_solar_system_api.TestTexturesAPI" name="test_nonexistent_texture_returns_404" time="0.145" /><testcase classname="backend.tests.test_solar_system_api.TestObjectsDataStructure" name="test_sun_object_structure" time="0.122" /><testcase classname="backend.tests.test_solar_system_api.TestObjectsDataStructure" name="test_planets_have_orbit_params" time="0.154" /><testcase classname="backend.tests.test_solar_system_api.TestObjectsDataStructure" name="test_satellites_exist" time="0.106" /><testcase classname="backend.tests.test_solar_system_api.TestStatusAPI" name="test_create_status_check" time="0.177" /><testcase classname="backend.tests.test_solar_system_api.TestStatusAPI" name="test_get_status_checks" time="0.546" /></testsuite></testsuites>