<?xml version="1.0" encoding="utf-8"?><testsuites name="pytest tests"><testsuite name="pytest" errors="0" failures="0" skipped="0" tests="20" time="6.489" timestamp="2026-02-16T01:38:50.442226+00:00" hostname="agent-env-f144ea67-ad34-4ac9-b6d7-c6b540fb8f7f"><testcase classname="backend.tests.test_solar_system_api.TestHealthEndpoints" name="test_root_endpoint" time="0.185" /><testcase classname="backend.tests.test_solar_system_api.TestHealthEndpoints" name="test_health_endpoint" time="0.133" /><testcase classname="backend.tests.test_solar_system_api.TestObjectsAPI" name="test_get_all_objects" time="0.132" /><testcase classname="backend.tests.test_solar_system_api.TestObjectsAPI" name="test_get_object_by_id" time="0.242" /><testcase classname="backend.tests.test_solar_system_api.TestObjectsAPI" name="test_get_nonexistent_object" time="0.123" /><testcase classname="backend.tests.test_solar_system_api.TestObjectsAPI" name="test_create_object" time="0.123" /><testcase classname="backend.tests.test_solar_system_api.TestObjectsAPI" name="test_update_object" time="0.524" /><testcase classname="backend.tests.test_solar_system_api.TestObjectsAPI" name="test_delete_object" time="0.616" /><testcase classname="backend.tests.test_solar_system_api.TestSceneAPI" name="test_get_scene" time="0.169" /><testcase classname="backend.tests.test_solar_system_api.TestSceneAPI" name="test_save_scene" time="0.123" /><testcase classname="backend.tests.test_solar_system_api.TestTexturesAPI" name="test_sun_texture_served" time="0.215" /><testcase classname="backend.tests.test_solar_system_api.TestTexturesAPI" name="test_earth_texture_served" time="0.160" /><testcase classname="backend.tests.test_solar_system_api.TestTexturesAPI" name="test_saturn_ring_texture_served" time="0.138" /><testcase classname="backend.tests.test_solar_system_api.TestTexturesAPI" name="test_all_planet_textures_accessible" time="2.204" /><testcase classname="backend.tests.test_solar_system_api.TestTexturesAPI" name="test_nonexistent_texture_returns_404" time="0.159" /><testcase classname="backend.tests.test_solar_system_api.TestObjectsDataStructure" name="test_sun_object_structure" time="0.119" /><testcase classname="backend.tests.test_solar_system_api.TestObjectsDataStructure" name="test_planets_have_orbit_params" time="0.143" /><testcase classname="backend.tests.test_solar_system_api.TestObjectsDataStructure" name="test_satellites_exist_with_real_moon_names" time="0.113" /><testcase classname="backend.tests.test_solar_system_api.TestStatusAPI" name="test_create_status_check" time="0.124" /><testcase classname="backend.tests.test_solar_system_api.TestStatusAPI" name="test_get_status_checks" time="0.536" /></testsuite></testsuites>